# JRE version: OpenJDK Runtime Environment Temurin-21.0.8+9 (21.0.8+9) (build 21.0.8+9-LTS)
# Java VM: OpenJDK 64-Bit Server VM Temurin-21.0.8+9 (21.0.8+9-LTS, mixed mode, sharing, tiered, compressed oops, compressed class ptrs, parallel gc, windows-amd64)
GC Precious Log:
 CardTable entry size: 512
 CPUs: 4 total, 4 available
 Memory: 16332M
 Large Page Support: Disabled
 NUMA Support: Disabled
 Compressed Oops: Enabled (32-bit)
 Alignments: Space 512K, Generation 512K, Heap 2M
 Heap Min Capacity: 100M
 Heap Initial Capacity: 100M
 Heap Max Capacity: 2G
 Pre-touch: Disabled
 Parallel Workers: 4
Heap:
 PSYoungGen      total 2560K, used 233K [0x00000000d5580000, 0x00000000d5980000, 0x0000000100000000)
  eden space 2048K, 5% used [0x00000000d5580000,0x00000000d559a500,0x00000000d5780000)
  from space 512K, 25% used [0x00000000d5880000,0x00000000d58a0000,0x00000000d5900000)
  to   space 512K, 0% used [0x00000000d5900000,0x00000000d5900000,0x00000000d5980000)
 ParOldGen       total 888832K, used 888599K [0x0000000080000000, 0x00000000b6400000, 0x00000000d5580000)
  object space 888832K, 99% used [0x0000000080000000,0x00000000b63c5d88,0x00000000b6400000)
 Metaspace       used 77277K, committed 78848K, reserved 1179648K
  class space    used 8507K, committed 9216K, reserved 1048576K
GC Heap History (20 events):
Event: 4142.967 GC heap before
{Heap before GC invocations=1741 (full 4):
 PSYoungGen      total 4096K, used 4096K [0x00000000d5580000, 0x00000000d6000000, 0x0000000100000000)
  eden space 2048K, 100% used [0x00000000d5580000,0x00000000d5780000,0x00000000d5780000)
  from space 2048K, 100% used [0x00000000d5780000,0x00000000d5980000,0x00000000d5980000)
  to   space 4096K, 0% used [0x00000000d5c00000,0x00000000d5c00000,0x00000000d6000000)
 ParOldGen       total 879104K, used 878957K [0x0000000080000000, 0x00000000b5a80000, 0x00000000d5580000)
  object space 879104K, 99% used [0x0000000080000000,0x00000000b5a5b720,0x00000000b5a80000)
 Metaspace       used 77180K, committed 78784K, reserved 1179648K
  class space    used 8507K, committed 9216K, reserved 1048576K
}
Event: 4142.974 GC heap after
{Heap after GC invocations=1741 (full 4):
 PSYoungGen      total 4608K, used 1820K [0x00000000d5580000, 0x00000000d5e00000, 0x0000000100000000)
  eden space 2560K, 0% used [0x00000000d5580000,0x00000000d5580000,0x00000000d5800000)
  from space 2048K, 88% used [0x00000000d5c00000,0x00000000d5dc7000,0x00000000d5e00000)
  to   space 2560K, 0% used [0x00000000d5900000,0x00000000d5900000,0x00000000d5b80000)
 ParOldGen       total 881152K, used 880997K [0x0000000080000000, 0x00000000b5c80000, 0x00000000d5580000)
  object space 881152K, 99% used [0x0000000080000000,0x00000000b5c59720,0x00000000b5c80000)
 Metaspace       used 77180K, committed 78784K, reserved 1179648K
  class space    used 8507K, committed 9216K, reserved 1048576K
}
Event: 4142.994 GC heap before
{Heap before GC invocations=1742 (full 4):
 PSYoungGen      total 4608K, used 4380K [0x00000000d5580000, 0x00000000d5e00000, 0x0000000100000000)
  eden space 2560K, 100% used [0x00000000d5580000,0x00000000d5800000,0x00000000d5800000)
  from space 2048K, 88% used [0x00000000d5c00000,0x00000000d5dc7000,0x00000000d5e00000)
  to   space 2560K, 0% used [0x00000000d5900000,0x00000000d5900000,0x00000000d5b80000)
 ParOldGen       total 881152K, used 880997K [0x0000000080000000, 0x00000000b5c80000, 0x00000000d5580000)
  object space 881152K, 99% used [0x0000000080000000,0x00000000b5c59720,0x00000000b5c80000)
 Metaspace       used 77180K, committed 78784K, reserved 1179648K
  class space    used 8507K, committed 9216K, reserved 1048576K
}
Event: 4143.003 GC heap after
{Heap after GC invocations=1742 (full 4):
 PSYoungGen      total 5632K, used 2064K [0x00000000d5580000, 0x00000000d5d80000, 0x0000000100000000)
  eden space 3072K, 0% used [0x00000000d5580000,0x00000000d5580000,0x00000000d5880000)
  from space 2560K, 80% used [0x00000000d5900000,0x00000000d5b04000,0x00000000d5b80000)
  to   space 2048K, 0% used [0x00000000d5b80000,0x00000000d5b80000,0x00000000d5d80000)
 ParOldGen       total 882688K, used 882549K [0x0000000080000000, 0x00000000b5e00000, 0x00000000d5580000)
  object space 882688K, 99% used [0x0000000080000000,0x00000000b5ddd720,0x00000000b5e00000)
 Metaspace       used 77180K, committed 78784K, reserved 1179648K
  class space    used 8507K, committed 9216K, reserved 1048576K
}
Event: 4143.458 GC heap before
{Heap before GC invocations=1743 (full 4):
 PSYoungGen      total 5632K, used 5136K [0x00000000d5580000, 0x00000000d5d80000, 0x0000000100000000)
  eden space 3072K, 100% used [0x00000000d5580000,0x00000000d5880000,0x00000000d5880000)
  from space 2560K, 80% used [0x00000000d5900000,0x00000000d5b04000,0x00000000d5b80000)
  to   space 2048K, 0% used [0x00000000d5b80000,0x00000000d5b80000,0x00000000d5d80000)
 ParOldGen       total 882688K, used 882549K [0x0000000080000000, 0x00000000b5e00000, 0x00000000d5580000)
  object space 882688K, 99% used [0x0000000080000000,0x00000000b5ddd720,0x00000000b5e00000)
 Metaspace       used 77180K, committed 78784K, reserved 1179648K
  class space    used 8507K, committed 9216K, reserved 1048576K
}
Event: 4143.464 GC heap after
{Heap after GC invocations=1743 (full 4):
 PSYoungGen      total 3584K, used 2048K [0x00000000d5580000, 0x00000000d6280000, 0x0000000100000000)
  eden space 1536K, 0% used [0x00000000d5580000,0x00000000d5580000,0x00000000d5700000)
  from space 2048K, 100% used [0x00000000d5b80000,0x00000000d5d80000,0x00000000d5d80000)
  to   space 4608K, 0% used [0x00000000d5700000,0x00000000d5700000,0x00000000d5b80000)
 ParOldGen       total 884736K, used 884613K [0x0000000080000000, 0x00000000b6000000, 0x00000000d5580000)
  object space 884736K, 99% used [0x0000000080000000,0x00000000b5fe1720,0x00000000b6000000)
 Metaspace       used 77180K, committed 78784K, reserved 1179648K
  class space    used 8507K, committed 9216K, reserved 1048576K
}
Event: 4144.322 GC heap before
{Heap before GC invocations=1744 (full 4):
 PSYoungGen      total 3584K, used 3584K [0x00000000d5580000, 0x00000000d6280000, 0x0000000100000000)
  eden space 1536K, 100% used [0x00000000d5580000,0x00000000d5700000,0x00000000d5700000)
  from space 2048K, 100% used [0x00000000d5b80000,0x00000000d5d80000,0x00000000d5d80000)
  to   space 4608K, 0% used [0x00000000d5700000,0x00000000d5700000,0x00000000d5b80000)
 ParOldGen       total 884736K, used 884613K [0x0000000080000000, 0x00000000b6000000, 0x00000000d5580000)
  object space 884736K, 99% used [0x0000000080000000,0x00000000b5fe1720,0x00000000b6000000)
 Metaspace       used 77185K, committed 78784K, reserved 1179648K
  class space    used 8507K, committed 9216K, reserved 1048576K
}
Event: 4144.327 GC heap after
{Heap after GC invocations=1744 (full 4):
 PSYoungGen      total 2560K, used 960K [0x00000000d5580000, 0x00000000d5c00000, 0x0000000100000000)
  eden space 1536K, 0% used [0x00000000d5580000,0x00000000d5580000,0x00000000d5700000)
  from space 1024K, 93% used [0x00000000d5700000,0x00000000d57f0000,0x00000000d5800000)
  to   space 2560K, 0% used [0x00000000d5980000,0x00000000d5980000,0x00000000d5c00000)
 ParOldGen       total 886784K, used 886677K [0x0000000080000000, 0x00000000b6200000, 0x00000000d5580000)
  object space 886784K, 99% used [0x0000000080000000,0x00000000b61e5720,0x00000000b6200000)
 Metaspace       used 77185K, committed 78784K, reserved 1179648K
  class space    used 8507K, committed 9216K, reserved 1048576K
}
Event: 4144.336 GC heap before
{Heap before GC invocations=1745 (full 4):
 PSYoungGen      total 2560K, used 2496K [0x00000000d5580000, 0x00000000d5c00000, 0x0000000100000000)
  eden space 1536K, 100% used [0x00000000d5580000,0x00000000d5700000,0x00000000d5700000)
  from space 1024K, 93% used [0x00000000d5700000,0x00000000d57f0000,0x00000000d5800000)
  to   space 2560K, 0% used [0x00000000d5980000,0x00000000d5980000,0x00000000d5c00000)
 ParOldGen       total 886784K, used 886677K [0x0000000080000000, 0x00000000b6200000, 0x00000000d5580000)
  object space 886784K, 99% used [0x0000000080000000,0x00000000b61e5720,0x00000000b6200000)
 Metaspace       used 77191K, committed 78784K, reserved 1179648K
  class space    used 8507K, committed 9216K, reserved 1048576K
}
Event: 4144.341 GC heap after
{Heap after GC invocations=1745 (full 4):
 PSYoungGen      total 3072K, used 672K [0x00000000d5580000, 0x00000000d5a80000, 0x0000000100000000)
  eden space 2048K, 0% used [0x00000000d5580000,0x00000000d5580000,0x00000000d5780000)
  from space 1024K, 65% used [0x00000000d5980000,0x00000000d5a28000,0x00000000d5a80000)
  to   space 1024K, 0% used [0x00000000d5880000,0x00000000d5880000,0x00000000d5980000)
 ParOldGen       total 887808K, used 887569K [0x0000000080000000, 0x00000000b6300000, 0x00000000d5580000)
  object space 887808K, 99% used [0x0000000080000000,0x00000000b62c4780,0x00000000b6300000)
 Metaspace       used 77191K, committed 78784K, reserved 1179648K
  class space    used 8507K, committed 9216K, reserved 1048576K
}
Event: 4393.684 GC heap before
{Heap before GC invocations=1746 (full 4):
 PSYoungGen      total 3072K, used 2718K [0x00000000d5580000, 0x00000000d5a80000, 0x0000000100000000)
  eden space 2048K, 99% used [0x00000000d5580000,0x00000000d577fa20,0x00000000d5780000)
  from space 1024K, 65% used [0x00000000d5980000,0x00000000d5a28000,0x00000000d5a80000)
  to   space 1024K, 0% used [0x00000000d5880000,0x00000000d5880000,0x00000000d5980000)
 ParOldGen       total 887808K, used 887569K [0x0000000080000000, 0x00000000b6300000, 0x00000000d5580000)
  object space 887808K, 99% used [0x0000000080000000,0x00000000b62c4780,0x00000000b6300000)
 Metaspace       used 77218K, committed 78784K, reserved 1179648K
  class space    used 8507K, committed 9216K, reserved 1048576K
}
Event: 4393.687 GC heap after
{Heap after GC invocations=1746 (full 4):
 PSYoungGen      total 2560K, used 416K [0x00000000d5580000, 0x00000000d5a00000, 0x0000000100000000)
  eden space 2048K, 0% used [0x00000000d5580000,0x00000000d5580000,0x00000000d5780000)
  from space 512K, 81% used [0x00000000d5880000,0x00000000d58e8000,0x00000000d5900000)
  to   space 1024K, 0% used [0x00000000d5900000,0x00000000d5900000,0x00000000d5a00000)
 ParOldGen       total 888320K, used 888193K [0x0000000080000000, 0x00000000b6380000, 0x00000000d5580000)
  object space 888320K, 99% used [0x0000000080000000,0x00000000b63607b0,0x00000000b6380000)
 Metaspace       used 77218K, committed 78784K, reserved 1179648K
  class space    used 8507K, committed 9216K, reserved 1048576K
}
Event: 4464.876 GC heap before
{Heap before GC invocations=1747 (full 4):
 PSYoungGen      total 2560K, used 2464K [0x00000000d5580000, 0x00000000d5a00000, 0x0000000100000000)
  eden space 2048K, 100% used [0x00000000d5580000,0x00000000d5780000,0x00000000d5780000)
  from space 512K, 81% used [0x00000000d5880000,0x00000000d58e8000,0x00000000d5900000)
  to   space 1024K, 0% used [0x00000000d5900000,0x00000000d5900000,0x00000000d5a00000)
 ParOldGen       total 888320K, used 888193K [0x0000000080000000, 0x00000000b6380000, 0x00000000d5580000)
  object space 888320K, 99% used [0x0000000080000000,0x00000000b63607b0,0x00000000b6380000)
 Metaspace       used 77230K, committed 78784K, reserved 1179648K
  class space    used 8507K, committed 9216K, reserved 1048576K
}
Event: 4464.879 GC heap after
{Heap after GC invocations=1747 (full 4):
 PSYoungGen      total 2560K, used 96K [0x00000000d5580000, 0x00000000d5980000, 0x0000000100000000)
  eden space 2048K, 0% used [0x00000000d5580000,0x00000000d5580000,0x00000000d5780000)
  from space 512K, 18% used [0x00000000d5900000,0x00000000d5918000,0x00000000d5980000)
  to   space 512K, 0% used [0x00000000d5880000,0x00000000d5880000,0x00000000d5900000)
 ParOldGen       total 888832K, used 888551K [0x0000000080000000, 0x00000000b6400000, 0x00000000d5580000)
  object space 888832K, 99% used [0x0000000080000000,0x00000000b63b9d88,0x00000000b6400000)
 Metaspace       used 77230K, committed 78784K, reserved 1179648K
  class space    used 8507K, committed 9216K, reserved 1048576K
}
Event: 4955.932 GC heap before
{Heap before GC invocations=1748 (full 4):
 PSYoungGen      total 2560K, used 2144K [0x00000000d5580000, 0x00000000d5980000, 0x0000000100000000)
  eden space 2048K, 100% used [0x00000000d5580000,0x00000000d5780000,0x00000000d5780000)
  from space 512K, 18% used [0x00000000d5900000,0x00000000d5918000,0x00000000d5980000)
  to   space 512K, 0% used [0x00000000d5880000,0x00000000d5880000,0x00000000d5900000)
 ParOldGen       total 888832K, used 888551K [0x0000000080000000, 0x00000000b6400000, 0x00000000d5580000)
  object space 888832K, 99% used [0x0000000080000000,0x00000000b63b9d88,0x00000000b6400000)
 Metaspace       used 77230K, committed 78784K, reserved 1179648K
  class space    used 8507K, committed 9216K, reserved 1048576K
}
Event: 4955.936 GC heap after
{Heap after GC invocations=1748 (full 4):
 PSYoungGen      total 2560K, used 96K [0x00000000d5580000, 0x00000000d5980000, 0x0000000100000000)
  eden space 2048K, 0% used [0x00000000d5580000,0x00000000d5580000,0x00000000d5780000)
  from space 512K, 18% used [0x00000000d5880000,0x00000000d5898000,0x00000000d5900000)
  to   space 512K, 0% used [0x00000000d5900000,0x00000000d5900000,0x00000000d5980000)
 ParOldGen       total 888832K, used 888575K [0x0000000080000000, 0x00000000b6400000, 0x00000000d5580000)
  object space 888832K, 99% used [0x0000000080000000,0x00000000b63bfd88,0x00000000b6400000)
 Metaspace       used 77230K, committed 78784K, reserved 1179648K
  class space    used 8507K, committed 9216K, reserved 1048576K
}
Event: 6231.662 GC heap before
{Heap before GC invocations=1749 (full 4):
 PSYoungGen      total 2560K, used 2140K [0x00000000d5580000, 0x00000000d5980000, 0x0000000100000000)
  eden space 2048K, 99% used [0x00000000d5580000,0x00000000d577f1e8,0x00000000d5780000)
  from space 512K, 18% used [0x00000000d5880000,0x00000000d5898000,0x00000000d5900000)
  to   space 512K, 0% used [0x00000000d5900000,0x00000000d5900000,0x00000000d5980000)
 ParOldGen       total 888832K, used 888575K [0x0000000080000000, 0x00000000b6400000, 0x00000000d5580000)
  object space 888832K, 99% used [0x0000000080000000,0x00000000b63bfd88,0x00000000b6400000)
 Metaspace       used 77243K, committed 78848K, reserved 1179648K
  class space    used 8507K, committed 9216K, reserved 1048576K
}
Event: 6231.666 GC heap after
{Heap after GC invocations=1749 (full 4):
 PSYoungGen      total 2560K, used 128K [0x00000000d5580000, 0x00000000d5980000, 0x0000000100000000)
  eden space 2048K, 0% used [0x00000000d5580000,0x00000000d5580000,0x00000000d5780000)
  from space 512K, 25% used [0x00000000d5900000,0x00000000d5920000,0x00000000d5980000)
  to   space 512K, 0% used [0x00000000d5880000,0x00000000d5880000,0x00000000d5900000)
 ParOldGen       total 888832K, used 888575K [0x0000000080000000, 0x00000000b6400000, 0x00000000d5580000)
  object space 888832K, 99% used [0x0000000080000000,0x00000000b63bfd88,0x00000000b6400000)
 Metaspace       used 77243K, committed 78848K, reserved 1179648K
  class space    used 8507K, committed 9216K, reserved 1048576K
}
Event: 18309.430 GC heap before
{Heap before GC invocations=1750 (full 4):
 PSYoungGen      total 2560K, used 2174K [0x00000000d5580000, 0x00000000d5980000, 0x0000000100000000)
  eden space 2048K, 99% used [0x00000000d5580000,0x00000000d577f880,0x00000000d5780000)
  from space 512K, 25% used [0x00000000d5900000,0x00000000d5920000,0x00000000d5980000)
  to   space 512K, 0% used [0x00000000d5880000,0x00000000d5880000,0x00000000d5900000)
 ParOldGen       total 888832K, used 888575K [0x0000000080000000, 0x00000000b6400000, 0x00000000d5580000)
  object space 888832K, 99% used [0x0000000080000000,0x00000000b63bfd88,0x00000000b6400000)
 Metaspace       used 77277K, committed 78848K, reserved 1179648K
  class space    used 8507K, committed 9216K, reserved 1048576K
}
Event: 18309.666 GC heap after
{Heap after GC invocations=1750 (full 4):
 PSYoungGen      total 2560K, used 128K [0x00000000d5580000, 0x00000000d5980000, 0x0000000100000000)
  eden space 2048K, 0% used [0x00000000d5580000,0x00000000d5580000,0x00000000d5780000)
  from space 512K, 25% used [0x00000000d5880000,0x00000000d58a0000,0x00000000d5900000)
  to   space 512K, 0% used [0x00000000d5900000,0x00000000d5900000,0x00000000d5980000)
 ParOldGen       total 888832K, used 888599K [0x0000000080000000, 0x00000000b6400000, 0x00000000d5580000)
  object space 888832K, 99% used [0x0000000080000000,0x00000000b63c5d88,0x00000000b6400000)
 Metaspace       used 77277K, committed 78848K, reserved 1179648K
  class space    used 8507K, committed 9216K, reserved 1048576K
}

