# JRE version: OpenJDK Runtime Environment Temurin-21.0.8+9 (21.0.8+9) (build 21.0.8+9-LTS)
# Java VM: OpenJDK 64-Bit Server VM Temurin-21.0.8+9 (21.0.8+9-LTS, mixed mode, sharing, tiered, compressed oops, compressed class ptrs, parallel gc, windows-amd64)
GC Precious Log:
 CardTable entry size: 512
 CPUs: 4 total, 4 available
 Memory: 16332M
 Large Page Support: Disabled
 NUMA Support: Disabled
 Compressed Oops: Enabled (32-bit)
 Alignments: Space 512K, Generation 512K, Heap 2M
 Heap Min Capacity: 100M
 Heap Initial Capacity: 100M
 Heap Max Capacity: 2G
 Pre-touch: Disabled
 Parallel Workers: 4
Heap:
 PSYoungGen      total 4608K, used 2824K [0x00000000d5580000, 0x00000000d6080000, 0x0000000100000000)
  eden space 4096K, 63% used [0x00000000d5580000,0x00000000d580daf0,0x00000000d5980000)
  from space 512K, 41% used [0x00000000d6000000,0x00000000d6034808,0x00000000d6080000)
  to   space 2560K, 0% used [0x00000000d5b80000,0x00000000d5b80000,0x00000000d5e00000)
 ParOldGen       total 906240K, used 905828K [0x0000000080000000, 0x00000000b7500000, 0x00000000d5580000)
  object space 906240K, 99% used [0x0000000080000000,0x00000000b7499278,0x00000000b7500000)
 Metaspace       used 76138K, committed 77696K, reserved 1179648K
  class space    used 8462K, committed 9152K, reserved 1048576K
GC Heap History (20 events):
Event: 1536.137 GC heap before
{Heap before GC invocations=2120 (full 4):
 PSYoungGen      total 2048K, used 1568K [0x00000000d5580000, 0x00000000d5b80000, 0x0000000100000000)
  eden space 1024K, 100% used [0x00000000d5580000,0x00000000d5680000,0x00000000d5680000)
  from space 1024K, 53% used [0x00000000d5a80000,0x00000000d5b08000,0x00000000d5b80000)
  to   space 1024K, 0% used [0x00000000d5980000,0x00000000d5980000,0x00000000d5a80000)
 ParOldGen       total 884736K, used 884364K [0x0000000080000000, 0x00000000b6000000, 0x00000000d5580000)
  object space 884736K, 99% used [0x0000000080000000,0x00000000b5fa3278,0x00000000b6000000)
 Metaspace       used 76071K, committed 77568K, reserved 1179648K
  class space    used 8462K, committed 9152K, reserved 1048576K
}
Event: 1536.140 GC heap after
{Heap after GC invocations=2120 (full 4):
 PSYoungGen      total 2560K, used 1024K [0x00000000d5580000, 0x00000000d5b00000, 0x0000000100000000)
  eden space 1536K, 0% used [0x00000000d5580000,0x00000000d5580000,0x00000000d5700000)
  from space 1024K, 100% used [0x00000000d5980000,0x00000000d5a80000,0x00000000d5a80000)
  to   space 512K, 0% used [0x00000000d5a80000,0x00000000d5a80000,0x00000000d5b00000)
 ParOldGen       total 885248K, used 884900K [0x0000000080000000, 0x00000000b6080000, 0x00000000d5580000)
  object space 885248K, 99% used [0x0000000080000000,0x00000000b6029278,0x00000000b6080000)
 Metaspace       used 76071K, committed 77568K, reserved 1179648K
  class space    used 8462K, committed 9152K, reserved 1048576K
}
Event: 1536.149 GC heap before
{Heap before GC invocations=2121 (full 4):
 PSYoungGen      total 2560K, used 2560K [0x00000000d5580000, 0x00000000d5b00000, 0x0000000100000000)
  eden space 1536K, 100% used [0x00000000d5580000,0x00000000d5700000,0x00000000d5700000)
  from space 1024K, 100% used [0x00000000d5980000,0x00000000d5a80000,0x00000000d5a80000)
  to   space 512K, 0% used [0x00000000d5a80000,0x00000000d5a80000,0x00000000d5b00000)
 ParOldGen       total 885248K, used 884900K [0x0000000080000000, 0x00000000b6080000, 0x00000000d5580000)
  object space 885248K, 99% used [0x0000000080000000,0x00000000b6029278,0x00000000b6080000)
 Metaspace       used 76071K, committed 77568K, reserved 1179648K
  class space    used 8462K, committed 9152K, reserved 1048576K
}
Event: 1536.153 GC heap after
{Heap after GC invocations=2121 (full 4):
 PSYoungGen      total 2560K, used 512K [0x00000000d5580000, 0x00000000d5d80000, 0x0000000100000000)
  eden space 2048K, 0% used [0x00000000d5580000,0x00000000d5580000,0x00000000d5780000)
  from space 512K, 100% used [0x00000000d5a80000,0x00000000d5b00000,0x00000000d5b00000)
  to   space 3072K, 0% used [0x00000000d5780000,0x00000000d5780000,0x00000000d5a80000)
 ParOldGen       total 887296K, used 886892K [0x0000000080000000, 0x00000000b6280000, 0x00000000d5580000)
  object space 887296K, 99% used [0x0000000080000000,0x00000000b621b278,0x00000000b6280000)
 Metaspace       used 76071K, committed 77568K, reserved 1179648K
  class space    used 8462K, committed 9152K, reserved 1048576K
}
Event: 1536.159 GC heap before
{Heap before GC invocations=2122 (full 4):
 PSYoungGen      total 2560K, used 2560K [0x00000000d5580000, 0x00000000d5d80000, 0x0000000100000000)
  eden space 2048K, 100% used [0x00000000d5580000,0x00000000d5780000,0x00000000d5780000)
  from space 512K, 100% used [0x00000000d5a80000,0x00000000d5b00000,0x00000000d5b00000)
  to   space 3072K, 0% used [0x00000000d5780000,0x00000000d5780000,0x00000000d5a80000)
 ParOldGen       total 887296K, used 886892K [0x0000000080000000, 0x00000000b6280000, 0x00000000d5580000)
  object space 887296K, 99% used [0x0000000080000000,0x00000000b621b278,0x00000000b6280000)
 Metaspace       used 76071K, committed 77568K, reserved 1179648K
  class space    used 8462K, committed 9152K, reserved 1048576K
}
Event: 1536.162 GC heap after
{Heap after GC invocations=2122 (full 4):
 PSYoungGen      total 5120K, used 2080K [0x00000000d5580000, 0x00000000d5d00000, 0x0000000100000000)
  eden space 2048K, 0% used [0x00000000d5580000,0x00000000d5580000,0x00000000d5780000)
  from space 3072K, 67% used [0x00000000d5780000,0x00000000d5988000,0x00000000d5a80000)
  to   space 2560K, 0% used [0x00000000d5a80000,0x00000000d5a80000,0x00000000d5d00000)
 ParOldGen       total 887808K, used 887436K [0x0000000080000000, 0x00000000b6300000, 0x00000000d5580000)
  object space 887808K, 99% used [0x0000000080000000,0x00000000b62a3278,0x00000000b6300000)
 Metaspace       used 76071K, committed 77568K, reserved 1179648K
  class space    used 8462K, committed 9152K, reserved 1048576K
}
Event: 1536.169 GC heap before
{Heap before GC invocations=2123 (full 4):
 PSYoungGen      total 5120K, used 4128K [0x00000000d5580000, 0x00000000d5d00000, 0x0000000100000000)
  eden space 2048K, 100% used [0x00000000d5580000,0x00000000d5780000,0x00000000d5780000)
  from space 3072K, 67% used [0x00000000d5780000,0x00000000d5988000,0x00000000d5a80000)
  to   space 2560K, 0% used [0x00000000d5a80000,0x00000000d5a80000,0x00000000d5d00000)
 ParOldGen       total 887808K, used 887436K [0x0000000080000000, 0x00000000b6300000, 0x00000000d5580000)
  object space 887808K, 99% used [0x0000000080000000,0x00000000b62a3278,0x00000000b6300000)
 Metaspace       used 76071K, committed 77568K, reserved 1179648K
  class space    used 8462K, committed 9152K, reserved 1048576K
}
Event: 1536.172 GC heap after
{Heap after GC invocations=2123 (full 4):
 PSYoungGen      total 5120K, used 2080K [0x00000000d5580000, 0x00000000d5d00000, 0x0000000100000000)
  eden space 2560K, 0% used [0x00000000d5580000,0x00000000d5580000,0x00000000d5800000)
  from space 2560K, 81% used [0x00000000d5a80000,0x00000000d5c88000,0x00000000d5d00000)
  to   space 2560K, 0% used [0x00000000d5800000,0x00000000d5800000,0x00000000d5a80000)
 ParOldGen       total 889856K, used 889500K [0x0000000080000000, 0x00000000b6500000, 0x00000000d5580000)
  object space 889856K, 99% used [0x0000000080000000,0x00000000b64a7278,0x00000000b6500000)
 Metaspace       used 76071K, committed 77568K, reserved 1179648K
  class space    used 8462K, committed 9152K, reserved 1048576K
}
Event: 1536.193 GC heap before
{Heap before GC invocations=2124 (full 4):
 PSYoungGen      total 5120K, used 4639K [0x00000000d5580000, 0x00000000d5d00000, 0x0000000100000000)
  eden space 2560K, 99% used [0x00000000d5580000,0x00000000d57fffb8,0x00000000d5800000)
  from space 2560K, 81% used [0x00000000d5a80000,0x00000000d5c88000,0x00000000d5d00000)
  to   space 2560K, 0% used [0x00000000d5800000,0x00000000d5800000,0x00000000d5a80000)
 ParOldGen       total 889856K, used 889500K [0x0000000080000000, 0x00000000b6500000, 0x00000000d5580000)
  object space 889856K, 99% used [0x0000000080000000,0x00000000b64a7278,0x00000000b6500000)
 Metaspace       used 76071K, committed 77568K, reserved 1179648K
  class space    used 8462K, committed 9152K, reserved 1048576K
}
Event: 1536.197 GC heap after
{Heap after GC invocations=2124 (full 4):
 PSYoungGen      total 5120K, used 2560K [0x00000000d5580000, 0x00000000d6280000, 0x0000000100000000)
  eden space 2560K, 0% used [0x00000000d5580000,0x00000000d5580000,0x00000000d5800000)
  from space 2560K, 100% used [0x00000000d5800000,0x00000000d5a80000,0x00000000d5a80000)
  to   space 5120K, 0% used [0x00000000d5d80000,0x00000000d5d80000,0x00000000d6280000)
 ParOldGen       total 891904K, used 891580K [0x0000000080000000, 0x00000000b6700000, 0x00000000d5580000)
  object space 891904K, 99% used [0x0000000080000000,0x00000000b66af278,0x00000000b6700000)
 Metaspace       used 76071K, committed 77568K, reserved 1179648K
  class space    used 8462K, committed 9152K, reserved 1048576K
}
Event: 1536.206 GC heap before
{Heap before GC invocations=2125 (full 4):
 PSYoungGen      total 5120K, used 5120K [0x00000000d5580000, 0x00000000d6280000, 0x0000000100000000)
  eden space 2560K, 100% used [0x00000000d5580000,0x00000000d5800000,0x00000000d5800000)
  from space 2560K, 100% used [0x00000000d5800000,0x00000000d5a80000,0x00000000d5a80000)
  to   space 5120K, 0% used [0x00000000d5d80000,0x00000000d5d80000,0x00000000d6280000)
 ParOldGen       total 891904K, used 891580K [0x0000000080000000, 0x00000000b6700000, 0x00000000d5580000)
  object space 891904K, 99% used [0x0000000080000000,0x00000000b66af278,0x00000000b6700000)
 Metaspace       used 76071K, committed 77568K, reserved 1179648K
  class space    used 8462K, committed 9152K, reserved 1048576K
}
Event: 1536.211 GC heap after
{Heap after GC invocations=2125 (full 4):
 PSYoungGen      total 6144K, used 2624K [0x00000000d5580000, 0x00000000d6080000, 0x0000000100000000)
  eden space 3072K, 0% used [0x00000000d5580000,0x00000000d5580000,0x00000000d5880000)
  from space 3072K, 85% used [0x00000000d5d80000,0x00000000d6010000,0x00000000d6080000)
  to   space 3584K, 0% used [0x00000000d5980000,0x00000000d5980000,0x00000000d5d00000)
 ParOldGen       total 894464K, used 894124K [0x0000000080000000, 0x00000000b6980000, 0x00000000d5580000)
  object space 894464K, 99% used [0x0000000080000000,0x00000000b692b278,0x00000000b6980000)
 Metaspace       used 76071K, committed 77568K, reserved 1179648K
  class space    used 8462K, committed 9152K, reserved 1048576K
}
Event: 1536.248 GC heap before
{Heap before GC invocations=2126 (full 4):
 PSYoungGen      total 6144K, used 5696K [0x00000000d5580000, 0x00000000d6080000, 0x0000000100000000)
  eden space 3072K, 100% used [0x00000000d5580000,0x00000000d5880000,0x00000000d5880000)
  from space 3072K, 85% used [0x00000000d5d80000,0x00000000d6010000,0x00000000d6080000)
  to   space 3584K, 0% used [0x00000000d5980000,0x00000000d5980000,0x00000000d5d00000)
 ParOldGen       total 894464K, used 894124K [0x0000000080000000, 0x00000000b6980000, 0x00000000d5580000)
  object space 894464K, 99% used [0x0000000080000000,0x00000000b692b278,0x00000000b6980000)
 Metaspace       used 76071K, committed 77568K, reserved 1179648K
  class space    used 8462K, committed 9152K, reserved 1048576K
}
Event: 1536.254 GC heap after
{Heap after GC invocations=2126 (full 4):
 PSYoungGen      total 7680K, used 3104K [0x00000000d5580000, 0x00000000d6080000, 0x0000000100000000)
  eden space 4096K, 0% used [0x00000000d5580000,0x00000000d5580000,0x00000000d5980000)
  from space 3584K, 86% used [0x00000000d5980000,0x00000000d5c88000,0x00000000d5d00000)
  to   space 3584K, 0% used [0x00000000d5d00000,0x00000000d5d00000,0x00000000d6080000)
 ParOldGen       total 897024K, used 896692K [0x0000000080000000, 0x00000000b6c00000, 0x00000000d5580000)
  object space 897024K, 99% used [0x0000000080000000,0x00000000b6bad278,0x00000000b6c00000)
 Metaspace       used 76071K, committed 77568K, reserved 1179648K
  class space    used 8462K, committed 9152K, reserved 1048576K
}
Event: 1536.645 GC heap before
{Heap before GC invocations=2127 (full 4):
 PSYoungGen      total 7680K, used 7200K [0x00000000d5580000, 0x00000000d6080000, 0x0000000100000000)
  eden space 4096K, 100% used [0x00000000d5580000,0x00000000d5980000,0x00000000d5980000)
  from space 3584K, 86% used [0x00000000d5980000,0x00000000d5c88000,0x00000000d5d00000)
  to   space 3584K, 0% used [0x00000000d5d00000,0x00000000d5d00000,0x00000000d6080000)
 ParOldGen       total 897024K, used 896692K [0x0000000080000000, 0x00000000b6c00000, 0x00000000d5580000)
  object space 897024K, 99% used [0x0000000080000000,0x00000000b6bad278,0x00000000b6c00000)
 Metaspace       used 76071K, committed 77568K, reserved 1179648K
  class space    used 8462K, committed 9152K, reserved 1048576K
}
Event: 1536.652 GC heap after
{Heap after GC invocations=2127 (full 4):
 PSYoungGen      total 7680K, used 3080K [0x00000000d5580000, 0x00000000d6180000, 0x0000000100000000)
  eden space 4096K, 0% used [0x00000000d5580000,0x00000000d5580000,0x00000000d5980000)
  from space 3584K, 85% used [0x00000000d5d00000,0x00000000d6002000,0x00000000d6080000)
  to   space 3584K, 0% used [0x00000000d5980000,0x00000000d5980000,0x00000000d5d00000)
 ParOldGen       total 900096K, used 899780K [0x0000000080000000, 0x00000000b6f00000, 0x00000000d5580000)
  object space 900096K, 99% used [0x0000000080000000,0x00000000b6eb1278,0x00000000b6f00000)
 Metaspace       used 76071K, committed 77568K, reserved 1179648K
  class space    used 8462K, committed 9152K, reserved 1048576K
}
Event: 1537.082 GC heap before
{Heap before GC invocations=2128 (full 4):
 PSYoungGen      total 7680K, used 7176K [0x00000000d5580000, 0x00000000d6180000, 0x0000000100000000)
  eden space 4096K, 100% used [0x00000000d5580000,0x00000000d5980000,0x00000000d5980000)
  from space 3584K, 85% used [0x00000000d5d00000,0x00000000d6002000,0x00000000d6080000)
  to   space 3584K, 0% used [0x00000000d5980000,0x00000000d5980000,0x00000000d5d00000)
 ParOldGen       total 900096K, used 899780K [0x0000000080000000, 0x00000000b6f00000, 0x00000000d5580000)
  object space 900096K, 99% used [0x0000000080000000,0x00000000b6eb1278,0x00000000b6f00000)
 Metaspace       used 76071K, committed 77568K, reserved 1179648K
  class space    used 8462K, committed 9152K, reserved 1048576K
}
Event: 1537.092 GC heap after
{Heap after GC invocations=2128 (full 4):
 PSYoungGen      total 7680K, used 3568K [0x00000000d5580000, 0x00000000d6680000, 0x0000000100000000)
  eden space 4096K, 0% used [0x00000000d5580000,0x00000000d5580000,0x00000000d5980000)
  from space 3584K, 99% used [0x00000000d5980000,0x00000000d5cfc000,0x00000000d5d00000)
  to   space 6656K, 0% used [0x00000000d6000000,0x00000000d6000000,0x00000000d6680000)
 ParOldGen       total 902656K, used 902252K [0x0000000080000000, 0x00000000b7180000, 0x00000000d5580000)
  object space 902656K, 99% used [0x0000000080000000,0x00000000b711b278,0x00000000b7180000)
 Metaspace       used 76071K, committed 77568K, reserved 1179648K
  class space    used 8462K, committed 9152K, reserved 1048576K
}
Event: 2479.706 GC heap before
{Heap before GC invocations=2129 (full 4):
 PSYoungGen      total 7680K, used 7663K [0x00000000d5580000, 0x00000000d6680000, 0x0000000100000000)
  eden space 4096K, 99% used [0x00000000d5580000,0x00000000d597fff8,0x00000000d5980000)
  from space 3584K, 99% used [0x00000000d5980000,0x00000000d5cfc000,0x00000000d5d00000)
  to   space 6656K, 0% used [0x00000000d6000000,0x00000000d6000000,0x00000000d6680000)
 ParOldGen       total 902656K, used 902252K [0x0000000080000000, 0x00000000b7180000, 0x00000000d5580000)
  object space 902656K, 99% used [0x0000000080000000,0x00000000b711b278,0x00000000b7180000)
 Metaspace       used 76087K, committed 77632K, reserved 1179648K
  class space    used 8462K, committed 9152K, reserved 1048576K
}
Event: 2479.712 GC heap after
{Heap after GC invocations=2129 (full 4):
 PSYoungGen      total 4608K, used 210K [0x00000000d5580000, 0x00000000d6080000, 0x0000000100000000)
  eden space 4096K, 0% used [0x00000000d5580000,0x00000000d5580000,0x00000000d5980000)
  from space 512K, 41% used [0x00000000d6000000,0x00000000d6034808,0x00000000d6080000)
  to   space 2560K, 0% used [0x00000000d5b80000,0x00000000d5b80000,0x00000000d5e00000)
 ParOldGen       total 906240K, used 905828K [0x0000000080000000, 0x00000000b7500000, 0x00000000d5580000)
  object space 906240K, 99% used [0x0000000080000000,0x00000000b7499278,0x00000000b7500000)
 Metaspace       used 76087K, committed 77632K, reserved 1179648K
  class space    used 8462K, committed 9152K, reserved 1048576K
}

