# JRE version: OpenJDK Runtime Environment Temurin-21.0.8+9 (21.0.8+9) (build 21.0.8+9-LTS)
# Java VM: OpenJDK 64-Bit Server VM Temurin-21.0.8+9 (21.0.8+9-LTS, mixed mode, sharing, tiered, compressed oops, compressed class ptrs, parallel gc, windows-amd64)
GC Precious Log:
 CardTable entry size: 512
 CPUs: 4 total, 4 available
 Memory: 16332M
 Large Page Support: Disabled
 NUMA Support: Disabled
 Compressed Oops: Enabled (32-bit)
 Alignments: Space 512K, Generation 512K, Heap 2M
 Heap Min Capacity: 100M
 Heap Initial Capacity: 100M
 Heap Max Capacity: 2G
 Pre-touch: Disabled
 Parallel Workers: 4
Heap:
 PSYoungGen      total 7680K, used 1517K [0x00000000d5580000, 0x00000000d5f80000, 0x0000000100000000)
  eden space 6144K, 0% used [0x00000000d5580000,0x00000000d558dc98,0x00000000d5b80000)
  from space 1536K, 95% used [0x00000000d5c00000,0x00000000d5d6d818,0x00000000d5d80000)
  to   space 2048K, 0% used [0x00000000d5d80000,0x00000000d5d80000,0x00000000d5f80000)
 ParOldGen       total 692224K, used 691765K [0x0000000080000000, 0x00000000aa400000, 0x00000000d5580000)
  object space 692224K, 99% used [0x0000000080000000,0x00000000aa38d748,0x00000000aa400000)
 Metaspace       used 70968K, committed 72448K, reserved 1114112K
  class space    used 7840K, committed 8448K, reserved 1048576K
GC Heap History (20 events):
Event: 148.232 GC heap before
{Heap before GC invocations=5282 (full 8):
 PSYoungGen      total 2560K, used 2112K [0x00000000d5580000, 0x00000000d6080000, 0x0000000100000000)
  eden space 1024K, 100% used [0x00000000d5580000,0x00000000d5680000,0x00000000d5680000)
  from space 1536K, 70% used [0x00000000d5680000,0x00000000d5790000,0x00000000d5800000)
  to   space 4096K, 0% used [0x00000000d5c80000,0x00000000d5c80000,0x00000000d6080000)
 ParOldGen       total 674816K, used 674389K [0x0000000080000000, 0x00000000a9300000, 0x00000000d5580000)
  object space 674816K, 99% used [0x0000000080000000,0x00000000a9295758,0x00000000a9300000)
 Metaspace       used 70968K, committed 72448K, reserved 1114112K
  class space    used 7840K, committed 8448K, reserved 1048576K
}
Event: 148.234 GC heap after
{Heap after GC invocations=5282 (full 8):
 PSYoungGen      total 3072K, used 1056K [0x00000000d5580000, 0x00000000d5e00000, 0x0000000100000000)
  eden space 1536K, 0% used [0x00000000d5580000,0x00000000d5580000,0x00000000d5700000)
  from space 1536K, 68% used [0x00000000d5c80000,0x00000000d5d88000,0x00000000d5e00000)
  to   space 1536K, 0% used [0x00000000d5b00000,0x00000000d5b00000,0x00000000d5c80000)
 ParOldGen       total 675840K, used 675413K [0x0000000080000000, 0x00000000a9400000, 0x00000000d5580000)
  object space 675840K, 99% used [0x0000000080000000,0x00000000a9395758,0x00000000a9400000)
 Metaspace       used 70968K, committed 72448K, reserved 1114112K
  class space    used 7840K, committed 8448K, reserved 1048576K
}
Event: 148.237 GC heap before
{Heap before GC invocations=5283 (full 8):
 PSYoungGen      total 3072K, used 2592K [0x00000000d5580000, 0x00000000d5e00000, 0x0000000100000000)
  eden space 1536K, 100% used [0x00000000d5580000,0x00000000d5700000,0x00000000d5700000)
  from space 1536K, 68% used [0x00000000d5c80000,0x00000000d5d88000,0x00000000d5e00000)
  to   space 1536K, 0% used [0x00000000d5b00000,0x00000000d5b00000,0x00000000d5c80000)
 ParOldGen       total 675840K, used 675413K [0x0000000080000000, 0x00000000a9400000, 0x00000000d5580000)
  object space 675840K, 99% used [0x0000000080000000,0x00000000a9395758,0x00000000a9400000)
 Metaspace       used 70968K, committed 72448K, reserved 1114112K
  class space    used 7840K, committed 8448K, reserved 1048576K
}
Event: 148.239 GC heap after
{Heap after GC invocations=5283 (full 8):
 PSYoungGen      total 3584K, used 1536K [0x00000000d5580000, 0x00000000d5d80000, 0x0000000100000000)
  eden space 2048K, 0% used [0x00000000d5580000,0x00000000d5580000,0x00000000d5780000)
  from space 1536K, 100% used [0x00000000d5b00000,0x00000000d5c80000,0x00000000d5c80000)
  to   space 1024K, 0% used [0x00000000d5c80000,0x00000000d5c80000,0x00000000d5d80000)
 ParOldGen       total 676864K, used 676437K [0x0000000080000000, 0x00000000a9500000, 0x00000000d5580000)
  object space 676864K, 99% used [0x0000000080000000,0x00000000a9495758,0x00000000a9500000)
 Metaspace       used 70968K, committed 72448K, reserved 1114112K
  class space    used 7840K, committed 8448K, reserved 1048576K
}
Event: 148.247 GC heap before
{Heap before GC invocations=5284 (full 8):
 PSYoungGen      total 3584K, used 3584K [0x00000000d5580000, 0x00000000d5d80000, 0x0000000100000000)
  eden space 2048K, 100% used [0x00000000d5580000,0x00000000d5780000,0x00000000d5780000)
  from space 1536K, 100% used [0x00000000d5b00000,0x00000000d5c80000,0x00000000d5c80000)
  to   space 1024K, 0% used [0x00000000d5c80000,0x00000000d5c80000,0x00000000d5d80000)
 ParOldGen       total 676864K, used 676437K [0x0000000080000000, 0x00000000a9500000, 0x00000000d5580000)
  object space 676864K, 99% used [0x0000000080000000,0x00000000a9495758,0x00000000a9500000)
 Metaspace       used 70968K, committed 72448K, reserved 1114112K
  class space    used 7840K, committed 8448K, reserved 1048576K
}
Event: 148.250 GC heap after
{Heap after GC invocations=5284 (full 8):
 PSYoungGen      total 3584K, used 1024K [0x00000000d5580000, 0x00000000d6000000, 0x0000000100000000)
  eden space 2560K, 0% used [0x00000000d5580000,0x00000000d5580000,0x00000000d5800000)
  from space 1024K, 100% used [0x00000000d5c80000,0x00000000d5d80000,0x00000000d5d80000)
  to   space 4096K, 0% used [0x00000000d5800000,0x00000000d5800000,0x00000000d5c00000)
 ParOldGen       total 679424K, used 678978K [0x0000000080000000, 0x00000000a9780000, 0x00000000d5580000)
  object space 679424K, 99% used [0x0000000080000000,0x00000000a9710bf8,0x00000000a9780000)
 Metaspace       used 70968K, committed 72448K, reserved 1114112K
  class space    used 7840K, committed 8448K, reserved 1048576K
}
Event: 148.256 GC heap before
{Heap before GC invocations=5285 (full 8):
 PSYoungGen      total 3584K, used 3584K [0x00000000d5580000, 0x00000000d6000000, 0x0000000100000000)
  eden space 2560K, 100% used [0x00000000d5580000,0x00000000d5800000,0x00000000d5800000)
  from space 1024K, 100% used [0x00000000d5c80000,0x00000000d5d80000,0x00000000d5d80000)
  to   space 4096K, 0% used [0x00000000d5800000,0x00000000d5800000,0x00000000d5c00000)
 ParOldGen       total 679424K, used 678978K [0x0000000080000000, 0x00000000a9780000, 0x00000000d5580000)
  object space 679424K, 99% used [0x0000000080000000,0x00000000a9710bf8,0x00000000a9780000)
 Metaspace       used 70968K, committed 72448K, reserved 1114112K
  class space    used 7840K, committed 8448K, reserved 1048576K
}
Event: 148.259 GC heap after
{Heap after GC invocations=5285 (full 8):
 PSYoungGen      total 5632K, used 2589K [0x00000000d5580000, 0x00000000d5e80000, 0x0000000100000000)
  eden space 2560K, 0% used [0x00000000d5580000,0x00000000d5580000,0x00000000d5800000)
  from space 3072K, 84% used [0x00000000d5800000,0x00000000d5a87410,0x00000000d5b00000)
  to   space 3072K, 0% used [0x00000000d5b80000,0x00000000d5b80000,0x00000000d5e80000)
 ParOldGen       total 680448K, used 680039K [0x0000000080000000, 0x00000000a9880000, 0x00000000d5580000)
  object space 680448K, 99% used [0x0000000080000000,0x00000000a9819e68,0x00000000a9880000)
 Metaspace       used 70968K, committed 72448K, reserved 1114112K
  class space    used 7840K, committed 8448K, reserved 1048576K
}
Event: 148.262 GC heap before
{Heap before GC invocations=5286 (full 8):
 PSYoungGen      total 5632K, used 4963K [0x00000000d5580000, 0x00000000d5e80000, 0x0000000100000000)
  eden space 2560K, 92% used [0x00000000d5580000,0x00000000d57d1ab8,0x00000000d5800000)
  from space 3072K, 84% used [0x00000000d5800000,0x00000000d5a87410,0x00000000d5b00000)
  to   space 3072K, 0% used [0x00000000d5b80000,0x00000000d5b80000,0x00000000d5e80000)
 ParOldGen       total 680448K, used 680039K [0x0000000080000000, 0x00000000a9880000, 0x00000000d5580000)
  object space 680448K, 99% used [0x0000000080000000,0x00000000a9819e68,0x00000000a9880000)
 Metaspace       used 70968K, committed 72448K, reserved 1114112K
  class space    used 7840K, committed 8448K, reserved 1048576K
}
Event: 148.265 GC heap after
{Heap after GC invocations=5286 (full 8):
 PSYoungGen      total 4608K, used 1467K [0x00000000d5580000, 0x00000000d5d00000, 0x0000000100000000)
  eden space 3072K, 0% used [0x00000000d5580000,0x00000000d5580000,0x00000000d5880000)
  from space 1536K, 95% used [0x00000000d5b80000,0x00000000d5ceef20,0x00000000d5d00000)
  to   space 2048K, 0% used [0x00000000d5900000,0x00000000d5900000,0x00000000d5b00000)
 ParOldGen       total 680448K, used 680210K [0x0000000080000000, 0x00000000a9880000, 0x00000000d5580000)
  object space 680448K, 99% used [0x0000000080000000,0x00000000a9844a70,0x00000000a9880000)
 Metaspace       used 70968K, committed 72448K, reserved 1114112K
  class space    used 7840K, committed 8448K, reserved 1048576K
}
Event: 148.270 GC heap before
{Heap before GC invocations=5287 (full 8):
 PSYoungGen      total 4608K, used 4539K [0x00000000d5580000, 0x00000000d5d00000, 0x0000000100000000)
  eden space 3072K, 100% used [0x00000000d5580000,0x00000000d5880000,0x00000000d5880000)
  from space 1536K, 95% used [0x00000000d5b80000,0x00000000d5ceef20,0x00000000d5d00000)
  to   space 2048K, 0% used [0x00000000d5900000,0x00000000d5900000,0x00000000d5b00000)
 ParOldGen       total 680448K, used 680210K [0x0000000080000000, 0x00000000a9880000, 0x00000000d5580000)
  object space 680448K, 99% used [0x0000000080000000,0x00000000a9844a70,0x00000000a9880000)
 Metaspace       used 70968K, committed 72448K, reserved 1114112K
  class space    used 7840K, committed 8448K, reserved 1048576K
}
Event: 148.274 GC heap after
{Heap after GC invocations=5287 (full 8):
 PSYoungGen      total 5632K, used 2041K [0x00000000d5580000, 0x00000000d6380000, 0x0000000100000000)
  eden space 3584K, 0% used [0x00000000d5580000,0x00000000d5580000,0x00000000d5900000)
  from space 2048K, 99% used [0x00000000d5900000,0x00000000d5afe410,0x00000000d5b00000)
  to   space 5120K, 0% used [0x00000000d5e80000,0x00000000d5e80000,0x00000000d6380000)
 ParOldGen       total 683008K, used 682678K [0x0000000080000000, 0x00000000a9b00000, 0x00000000d5580000)
  object space 683008K, 99% used [0x0000000080000000,0x00000000a9aad990,0x00000000a9b00000)
 Metaspace       used 70968K, committed 72448K, reserved 1114112K
  class space    used 7840K, committed 8448K, reserved 1048576K
}
Event: 148.280 GC heap before
{Heap before GC invocations=5288 (full 8):
 PSYoungGen      total 5632K, used 5625K [0x00000000d5580000, 0x00000000d6380000, 0x0000000100000000)
  eden space 3584K, 100% used [0x00000000d5580000,0x00000000d5900000,0x00000000d5900000)
  from space 2048K, 99% used [0x00000000d5900000,0x00000000d5afe410,0x00000000d5b00000)
  to   space 5120K, 0% used [0x00000000d5e80000,0x00000000d5e80000,0x00000000d6380000)
 ParOldGen       total 683008K, used 682678K [0x0000000080000000, 0x00000000a9b00000, 0x00000000d5580000)
  object space 683008K, 99% used [0x0000000080000000,0x00000000a9aad990,0x00000000a9b00000)
 Metaspace       used 70968K, committed 72448K, reserved 1114112K
  class space    used 7840K, committed 8448K, reserved 1048576K
}
Event: 148.284 GC heap after
{Heap after GC invocations=5288 (full 8):
 PSYoungGen      total 8704K, used 3648K [0x00000000d5580000, 0x00000000d6280000, 0x0000000100000000)
  eden space 4608K, 0% used [0x00000000d5580000,0x00000000d5580000,0x00000000d5a00000)
  from space 4096K, 89% used [0x00000000d5e80000,0x00000000d6210000,0x00000000d6280000)
  to   space 4096K, 0% used [0x00000000d5a80000,0x00000000d5a80000,0x00000000d5e80000)
 ParOldGen       total 685056K, used 684751K [0x0000000080000000, 0x00000000a9d00000, 0x00000000d5580000)
  object space 685056K, 99% used [0x0000000080000000,0x00000000a9cb3da0,0x00000000a9d00000)
 Metaspace       used 70968K, committed 72448K, reserved 1114112K
  class space    used 7840K, committed 8448K, reserved 1048576K
}
Event: 148.356 GC heap before
{Heap before GC invocations=5289 (full 8):
 PSYoungGen      total 8704K, used 7975K [0x00000000d5580000, 0x00000000d6280000, 0x0000000100000000)
  eden space 4608K, 93% used [0x00000000d5580000,0x00000000d59b9e68,0x00000000d5a00000)
  from space 4096K, 89% used [0x00000000d5e80000,0x00000000d6210000,0x00000000d6280000)
  to   space 4096K, 0% used [0x00000000d5a80000,0x00000000d5a80000,0x00000000d5e80000)
 ParOldGen       total 685056K, used 684751K [0x0000000080000000, 0x00000000a9d00000, 0x00000000d5580000)
  object space 685056K, 99% used [0x0000000080000000,0x00000000a9cb3da0,0x00000000a9d00000)
 Metaspace       used 70968K, committed 72448K, reserved 1114112K
  class space    used 7840K, committed 8448K, reserved 1048576K
}
Event: 148.360 GC heap after
{Heap after GC invocations=5289 (full 8):
 PSYoungGen      total 7168K, used 1850K [0x00000000d5580000, 0x00000000d6100000, 0x0000000100000000)
  eden space 5120K, 0% used [0x00000000d5580000,0x00000000d5580000,0x00000000d5a80000)
  from space 2048K, 90% used [0x00000000d5a80000,0x00000000d5c4e8e0,0x00000000d5c80000)
  to   space 3072K, 0% used [0x00000000d5e00000,0x00000000d5e00000,0x00000000d6100000)
 ParOldGen       total 688640K, used 688359K [0x0000000080000000, 0x00000000aa080000, 0x00000000d5580000)
  object space 688640K, 99% used [0x0000000080000000,0x00000000aa039da0,0x00000000aa080000)
 Metaspace       used 70968K, committed 72448K, reserved 1114112K
  class space    used 7840K, committed 8448K, reserved 1048576K
}
Event: 148.390 GC heap before
{Heap before GC invocations=5290 (full 8):
 PSYoungGen      total 7168K, used 6970K [0x00000000d5580000, 0x00000000d6100000, 0x0000000100000000)
  eden space 5120K, 100% used [0x00000000d5580000,0x00000000d5a80000,0x00000000d5a80000)
  from space 2048K, 90% used [0x00000000d5a80000,0x00000000d5c4e8e0,0x00000000d5c80000)
  to   space 3072K, 0% used [0x00000000d5e00000,0x00000000d5e00000,0x00000000d6100000)
 ParOldGen       total 688640K, used 688359K [0x0000000080000000, 0x00000000aa080000, 0x00000000d5580000)
  object space 688640K, 99% used [0x0000000080000000,0x00000000aa039da0,0x00000000aa080000)
 Metaspace       used 70968K, committed 72448K, reserved 1114112K
  class space    used 7840K, committed 8448K, reserved 1048576K
}
Event: 148.394 GC heap after
{Heap after GC invocations=5290 (full 8):
 PSYoungGen      total 8192K, used 1793K [0x00000000d5580000, 0x00000000d6000000, 0x0000000100000000)
  eden space 6144K, 0% used [0x00000000d5580000,0x00000000d5580000,0x00000000d5b80000)
  from space 2048K, 87% used [0x00000000d5e00000,0x00000000d5fc0420,0x00000000d6000000)
  to   space 2048K, 0% used [0x00000000d5c00000,0x00000000d5c00000,0x00000000d5e00000)
 ParOldGen       total 690176K, used 690019K [0x0000000080000000, 0x00000000aa200000, 0x00000000d5580000)
  object space 690176K, 99% used [0x0000000080000000,0x00000000aa1d8e48,0x00000000aa200000)
 Metaspace       used 70968K, committed 72448K, reserved 1114112K
  class space    used 7840K, committed 8448K, reserved 1048576K
}
Event: 155.752 GC heap before
{Heap before GC invocations=5291 (full 8):
 PSYoungGen      total 8192K, used 7937K [0x00000000d5580000, 0x00000000d6000000, 0x0000000100000000)
  eden space 6144K, 100% used [0x00000000d5580000,0x00000000d5b80000,0x00000000d5b80000)
  from space 2048K, 87% used [0x00000000d5e00000,0x00000000d5fc0420,0x00000000d6000000)
  to   space 2048K, 0% used [0x00000000d5c00000,0x00000000d5c00000,0x00000000d5e00000)
 ParOldGen       total 690176K, used 690019K [0x0000000080000000, 0x00000000aa200000, 0x00000000d5580000)
  object space 690176K, 99% used [0x0000000080000000,0x00000000aa1d8e48,0x00000000aa200000)
 Metaspace       used 70968K, committed 72448K, reserved 1114112K
  class space    used 7840K, committed 8448K, reserved 1048576K
}
Event: 155.755 GC heap after
{Heap after GC invocations=5291 (full 8):
 PSYoungGen      total 7680K, used 1462K [0x00000000d5580000, 0x00000000d5f80000, 0x0000000100000000)
  eden space 6144K, 0% used [0x00000000d5580000,0x00000000d5580000,0x00000000d5b80000)
  from space 1536K, 95% used [0x00000000d5c00000,0x00000000d5d6d818,0x00000000d5d80000)
  to   space 2048K, 0% used [0x00000000d5d80000,0x00000000d5d80000,0x00000000d5f80000)
 ParOldGen       total 692224K, used 691765K [0x0000000080000000, 0x00000000aa400000, 0x00000000d5580000)
  object space 692224K, 99% used [0x0000000080000000,0x00000000aa38d748,0x00000000aa400000)
 Metaspace       used 70968K, committed 72448K, reserved 1114112K
  class space    used 7840K, committed 8448K, reserved 1048576K
}

